26 Nov 2017 09:35:04,894 DEBUG [main] cli.SDOTool given destination dir 'java' does not exist
26 Nov 2017 09:35:04,894 DEBUG [main] cli.SDOTool dest: java
26 Nov 2017 09:35:04,894 DEBUG [main] runtime.PlasmaRuntime initializing...
26 Nov 2017 09:35:04,909 DEBUG [main] runtime.PlasmaRuntimeDataBinding loading schema chain...
26 Nov 2017 09:35:05,534 INFO  [main] runtime.PlasmaRuntime deriving configuration
26 Nov 2017 09:35:05,534 INFO  [main] runtime.PlasmaRuntime discovered RDBMS:JDBC provider
26 Nov 2017 09:35:05,534 DEBUG [main] runtime.PlasmaRuntime added provider property: org.plasma.sdo.access.provider.jdbc.ConnectionURL=jdbc:mysql://localhost:3306/hr?autoReconnect=true
26 Nov 2017 09:35:05,534 DEBUG [main] runtime.PlasmaRuntime added provider property: org.plasma.sdo.access.provider.jdbc.ConnectionUserName=root
26 Nov 2017 09:35:05,534 DEBUG [main] runtime.PlasmaRuntime added provider property: org.plasma.sdo.access.provider.jdbc.ConnectionPassword=phoenix
26 Nov 2017 09:35:05,534 DEBUG [main] runtime.PlasmaRuntime added provider property: org.plasma.sdo.access.provider.jdbc.ConnectionDriverName=com.mysql.jdbc.Driver
26 Nov 2017 09:35:05,534 DEBUG [main] runtime.PlasmaRuntime added provider property: org.plasma.sdo.access.provider.jdbc.ConnectionProviderName=examples.quickstart.DBCPConnectionPoolProvider
26 Nov 2017 09:35:05,534 DEBUG [main] runtime.PlasmaRuntime added provider property: org.plasma.sdo.access.provider.jdbc.ConnectionPoolMinSize=1
26 Nov 2017 09:35:05,534 DEBUG [main] runtime.PlasmaRuntime added provider property: org.plasma.sdo.access.provider.jdbc.ConnectionPoolMaxSize=10
26 Nov 2017 09:35:05,534 DEBUG [main] runtime.PlasmaRuntime added provider property: org.apache.commons.dbcp.validationQuery=SELECT COUNT(*) FROM person
26 Nov 2017 09:35:05,534 DEBUG [main] runtime.PlasmaRuntime added provider property: org.apache.commons.dbcp.testOnBorrow=false
26 Nov 2017 09:35:05,534 DEBUG [main] runtime.PlasmaRuntime added provider property: org.apache.commons.dbcp.testOnReturn=false
26 Nov 2017 09:35:05,534 DEBUG [main] runtime.PlasmaRuntime added provider property: org.apache.commons.dbcp.maxWait=30000
26 Nov 2017 09:35:05,534 DEBUG [main] runtime.PlasmaRuntime added provider property: org.apache.commons.dbcp.testWhileIdle=false
26 Nov 2017 09:35:05,534 DEBUG [main] runtime.PlasmaRuntime added provider property: org.apache.commons.dbcp.timeBetweenEvictionRunsMillis=30000
26 Nov 2017 09:35:05,550 DEBUG [main] runtime.PlasmaRuntime added provider property: org.apache.commons.dbcp.minEvictableIdleTimeMillis=40000
26 Nov 2017 09:35:05,550 DEBUG [main] runtime.PlasmaRuntime discovered 1 access providers
26 Nov 2017 09:35:05,550 DEBUG [main] runtime.PlasmaRuntime discovered namespace http://plasma-quickstart-pojo/humanresources
26 Nov 2017 09:35:05,550 DEBUG [main] runtime.PlasmaRuntime discovered 1 namespaces
26 Nov 2017 09:35:05,550 DEBUG [main] runtime.PlasmaRuntime loading known UML/XMI artifact, Plasma_SDO_Profile_v1_1.mdxml (http://www.magicdraw.com/schemas/Plasma_SDO_Profile.xmi)
26 Nov 2017 09:35:05,550 INFO  [main] fuml.Fuml loading artifact, Plasma_SDO_Profile_v1_1.mdxml
26 Nov 2017 09:35:06,003 INFO  [main] library.Library initializing...
26 Nov 2017 09:35:06,605 DEBUG [main] runtime.PlasmaRuntime loading UML/XMI model
26 Nov 2017 09:35:06,605 INFO  [main] fuml.Fuml loading artifact, http://derived-artifact/18d5f824-08e4-426a-8b05-b3c758cc579c
26 Nov 2017 09:35:06,761 DEBUG [main] cli.ProvisioningTool detected stale configuration file 'plasma-config.xml' against time: 0
26 Nov 2017 09:35:06,761 INFO  [main] provisioning.MetamodelDataBinding loading schema chain...
26 Nov 2017 09:35:06,886 DEBUG [main] cli.SDOTool wrote merged model file to: C:\dev-cloudgraph-examples-quickstart\cloudgraph-examples-quickstart\cloudgraph-quickstart-mysql-pojo\target\generated-sources\java\technical-model.xml
26 Nov 2017 09:35:07,011 INFO  [main] cli.SDOTool generated 3 interfaces to output to directory: C:\dev-cloudgraph-examples-quickstart\cloudgraph-examples-quickstart\cloudgraph-quickstart-mysql-pojo\target\generated-sources\java
26 Nov 2017 09:35:07,011 INFO  [main] cli.SDOTool generated 3 classes to output to directory: C:\dev-cloudgraph-examples-quickstart\cloudgraph-examples-quickstart\cloudgraph-quickstart-mysql-pojo\target\generated-sources\java
26 Nov 2017 09:35:07,011 INFO  [main] cli.SDOTool generated 1 enumerations to output to directory: C:\dev-cloudgraph-examples-quickstart\cloudgraph-examples-quickstart\cloudgraph-quickstart-mysql-pojo\target\generated-sources\java
26 Nov 2017 09:35:07,026 DEBUG [main] cli.ProvisioningTool detected stale configuration file 'plasma-config.xml' against time: 0
26 Nov 2017 09:35:07,042 INFO  [main] cli.DSLTool generated 3 classes to output to directory: C:\dev-cloudgraph-examples-quickstart\cloudgraph-examples-quickstart\cloudgraph-quickstart-mysql-pojo\target\generated-sources\java
26 Nov 2017 09:35:07,073 INFO  [main] ddl.DDLModelDataBinding loading schema chain...
26 Nov 2017 09:35:07,120 INFO  [main] cli.RDBTool marshalled DDL model XML to C:\dev-cloudgraph-examples-quickstart\cloudgraph-examples-quickstart\cloudgraph-quickstart-mysql-pojo\target\ddl\ddl-model.xml
26 Nov 2017 09:35:07,136 INFO  [main] cli.RDBTool wrote DDL model to C:\dev-cloudgraph-examples-quickstart\cloudgraph-examples-quickstart\cloudgraph-quickstart-mysql-pojo\target\ddl\mysql-create.sql
26 Nov 2017 09:35:10,768 DEBUG [main] runtime.PlasmaRuntime initializing...
26 Nov 2017 09:35:10,784 DEBUG [main] runtime.PlasmaRuntimeDataBinding loading schema chain...
26 Nov 2017 09:35:11,410 INFO  [main] runtime.PlasmaRuntime deriving configuration
26 Nov 2017 09:35:11,410 INFO  [main] runtime.PlasmaRuntime discovered RDBMS:JDBC provider
26 Nov 2017 09:35:11,410 DEBUG [main] runtime.PlasmaRuntime added provider property: org.plasma.sdo.access.provider.jdbc.ConnectionURL=jdbc:mysql://localhost:3306/hr?autoReconnect=true
26 Nov 2017 09:35:11,410 DEBUG [main] runtime.PlasmaRuntime added provider property: org.plasma.sdo.access.provider.jdbc.ConnectionUserName=root
26 Nov 2017 09:35:11,410 DEBUG [main] runtime.PlasmaRuntime added provider property: org.plasma.sdo.access.provider.jdbc.ConnectionPassword=phoenix
26 Nov 2017 09:35:11,410 DEBUG [main] runtime.PlasmaRuntime added provider property: org.plasma.sdo.access.provider.jdbc.ConnectionDriverName=com.mysql.jdbc.Driver
26 Nov 2017 09:35:11,410 DEBUG [main] runtime.PlasmaRuntime added provider property: org.plasma.sdo.access.provider.jdbc.ConnectionProviderName=examples.quickstart.DBCPConnectionPoolProvider
26 Nov 2017 09:35:11,410 DEBUG [main] runtime.PlasmaRuntime added provider property: org.plasma.sdo.access.provider.jdbc.ConnectionPoolMinSize=1
26 Nov 2017 09:35:11,410 DEBUG [main] runtime.PlasmaRuntime added provider property: org.plasma.sdo.access.provider.jdbc.ConnectionPoolMaxSize=10
26 Nov 2017 09:35:11,410 DEBUG [main] runtime.PlasmaRuntime added provider property: org.apache.commons.dbcp.validationQuery=SELECT COUNT(*) FROM person
26 Nov 2017 09:35:11,410 DEBUG [main] runtime.PlasmaRuntime added provider property: org.apache.commons.dbcp.testOnBorrow=false
26 Nov 2017 09:35:11,410 DEBUG [main] runtime.PlasmaRuntime added provider property: org.apache.commons.dbcp.testOnReturn=false
26 Nov 2017 09:35:11,410 DEBUG [main] runtime.PlasmaRuntime added provider property: org.apache.commons.dbcp.maxWait=30000
26 Nov 2017 09:35:11,410 DEBUG [main] runtime.PlasmaRuntime added provider property: org.apache.commons.dbcp.testWhileIdle=false
26 Nov 2017 09:35:11,410 DEBUG [main] runtime.PlasmaRuntime added provider property: org.apache.commons.dbcp.timeBetweenEvictionRunsMillis=30000
26 Nov 2017 09:35:11,426 DEBUG [main] runtime.PlasmaRuntime added provider property: org.apache.commons.dbcp.minEvictableIdleTimeMillis=40000
26 Nov 2017 09:35:11,426 DEBUG [main] runtime.PlasmaRuntime discovered 1 access providers
26 Nov 2017 09:35:11,426 DEBUG [main] runtime.PlasmaRuntime discovered namespace http://plasma-quickstart-pojo/humanresources
26 Nov 2017 09:35:11,426 DEBUG [main] runtime.PlasmaRuntime discovered 1 namespaces
26 Nov 2017 09:35:11,426 DEBUG [main] runtime.PlasmaRuntime loading known UML/XMI artifact, Plasma_SDO_Profile_v1_1.mdxml (http://www.magicdraw.com/schemas/Plasma_SDO_Profile.xmi)
26 Nov 2017 09:35:11,426 INFO  [main] fuml.Fuml loading artifact, Plasma_SDO_Profile_v1_1.mdxml
26 Nov 2017 09:35:11,848 INFO  [main] library.Library initializing...
26 Nov 2017 09:35:12,379 DEBUG [main] runtime.PlasmaRuntime loading UML/XMI model
26 Nov 2017 09:35:12,379 INFO  [main] fuml.Fuml loading artifact, http://derived-artifact/36381df0-e9ed-4b93-9969-bedbc9302d61
